mode: set
main/src/streams/application/service/stream_dynamodb_service.go:16.88,20.2 1 1
main/src/streams/application/service/stream_dynamodb_service.go:22.129,24.2 1 1
main/src/streams/application/service/stream_dynamodb_service.go:26.104,28.2 1 1
main/src/streams/application/service/stream_dynamodb_service.go:30.88,32.2 1 1
main/src/streams/application/service/stream_dynamodb_service.go:34.86,36.2 1 1
main/src/streams/application/service/stream_dynamodb_service.go:38.104,40.39 2 1
main/src/streams/application/service/stream_dynamodb_service.go:40.39,43.3 2 0
main/src/streams/application/service/stream_dynamodb_service.go:45.2,45.39 1 1
main/src/streams/domain/model/stream.go:19.44,20.43 1 1
main/src/streams/domain/model/stream.go:20.43,22.3 1 1
main/src/streams/domain/model/stream.go:23.2,23.55 1 1
main/src/streams/domain/model/stream.go:23.55,25.3 1 1
main/src/streams/domain/model/stream.go:26.2,26.45 1 1
main/src/streams/domain/model/stream.go:26.45,28.3 1 1
main/src/streams/domain/model/stream.go:29.2,29.50 1 1
main/src/streams/domain/model/stream.go:29.50,31.3 1 1
main/src/streams/domain/model/stream.go:32.2,32.48 1 1
main/src/streams/domain/model/stream.go:32.48,34.3 1 1
main/src/streams/domain/model/stream.go:35.2,35.12 1 1
main/src/streams/domain/model/stream.go:38.46,40.32 2 1
main/src/streams/domain/model/stream.go:40.32,42.3 1 1
main/src/streams/domain/model/stream.go:43.2,43.12 1 1
main/src/streams/domain/model/stream.go:46.71,47.48 1 1
main/src/streams/domain/model/stream.go:47.48,49.3 1 1
main/src/streams/domain/model/stream.go:50.2,50.12 1 1
main/src/streams/domain/model/stream.go:53.49,54.17 1 1
main/src/streams/domain/model/stream.go:54.17,56.6 1 1
main/src/streams/domain/model/stream.go:57.5,57.52 1 1
main/src/streams/domain/model/stream.go:57.52,59.6 1 1
main/src/streams/domain/model/stream.go:60.5,60.15 1 1
main/src/streams/domain/model/stream.go:64.51,66.16 2 1
main/src/streams/domain/model/stream.go:66.16,67.66 1 1
main/src/streams/domain/model/stream.go:67.66,69.4 1 1
main/src/streams/domain/model/stream.go:71.2,71.12 1 1
main/src/users/application/service/user_dynamodb_service.go:16.69,18.2 1 1
main/src/users/application/service/user_dynamodb_service.go:20.93,22.40 2 1
main/src/users/application/service/user_dynamodb_service.go:22.40,25.3 2 0
main/src/users/application/service/user_dynamodb_service.go:26.2,26.42 1 1
main/src/users/application/service/user_dynamodb_service.go:29.91,31.2 1 1
main/src/users/application/service/user_dynamodb_service.go:33.112,35.2 1 1
main/src/users/application/service/user_dynamodb_service.go:37.78,39.2 1 1
main/src/users/application/service/user_dynamodb_service.go:41.75,43.2 1 1
main/src/users/domain/model/user.go:17.43,18.43 1 1
main/src/users/domain/model/user.go:18.43,20.3 1 1
main/src/users/domain/model/user.go:21.2,21.55 1 1
main/src/users/domain/model/user.go:21.55,23.3 1 1
main/src/users/domain/model/user.go:24.2,24.47 1 1
main/src/users/domain/model/user.go:24.47,26.3 1 1
main/src/users/domain/model/user.go:27.2,27.50 1 1
main/src/users/domain/model/user.go:27.50,29.3 1 1
main/src/users/domain/model/user.go:30.2,30.12 1 1
main/src/users/domain/model/user.go:33.46,35.32 2 1
main/src/users/domain/model/user.go:35.32,37.3 1 1
main/src/users/domain/model/user.go:38.2,38.12 1 1
main/src/users/domain/model/user.go:41.71,42.47 1 1
main/src/users/domain/model/user.go:42.47,44.3 1 1
main/src/users/domain/model/user.go:45.2,45.12 1 1
main/src/users/domain/model/user.go:48.50,50.36 2 1
main/src/users/domain/model/user.go:50.36,52.3 1 1
main/src/users/domain/model/user.go:53.2,53.12 1 1
main/src/users/domain/model/user.go:56.51,58.16 2 1
main/src/users/domain/model/user.go:58.16,60.3 1 1
main/src/users/domain/model/user.go:61.2,61.12 1 1
main/utils/error/error.go:13.35,15.2 1 1
main/utils/error/error.go:17.33,19.2 1 1
main/utils/error/error.go:21.48,26.2 1 1
main/utils/error/error.go:28.46,33.2 1 1
main/utils/error/error.go:35.48,40.2 1 1
main/utils/error/error.go:42.48,47.2 1 1
main/utils/dynamodb/dynamodb_config.go:14.74,15.33 1 1
main/utils/dynamodb/dynamodb_config.go:15.33,18.3 2 0
main/utils/dynamodb/dynamodb_config.go:20.2,21.16 2 1
main/utils/dynamodb/dynamodb_config.go:21.16,24.3 2 0
main/utils/dynamodb/dynamodb_config.go:25.2,25.41 1 1
main/utils/dynamodb/dynamodb_config.go:28.93,30.2 1 1
main/utils/dynamodb/dynamodb_config.go:32.76,39.41 1 1
main/utils/dynamodb/dynamodb_config.go:39.41,41.4 1 1
main/utils/dynamodb/dynamodb_config.go:43.2,44.41 2 1
main/utils/dynamodb/marshal.go:11.83,13.67 2 1
main/utils/dynamodb/marshal.go:13.67,16.3 2 1
main/utils/dynamodb/marshal.go:17.5,18.21 2 1
main/utils/dynamodb/marshal.go:21.86,23.16 2 1
main/utils/dynamodb/marshal.go:23.16,26.3 2 0
main/utils/dynamodb/marshal.go:27.5,28.27 2 1
main/src/streams/infrastructure/configuration/dynamodb_stream_local.go:15.38,17.23 2 1
main/src/streams/infrastructure/configuration/dynamodb_stream_local.go:17.23,20.3 2 1
main/src/streams/infrastructure/configuration/dynamodb_stream_local.go:21.2,22.20 2 1
main/src/streams/infrastructure/configuration/dynamodb_stream_local.go:25.107,44.2 3 1
main/src/streams/infrastructure/configuration/dynamodb_stream_local.go:46.104,51.16 2 1
main/src/streams/infrastructure/configuration/dynamodb_stream_local.go:51.16,53.35 2 0
main/src/streams/infrastructure/configuration/dynamodb_stream_local.go:53.35,56.4 2 0
main/src/streams/infrastructure/configuration/dynamodb_stream_local.go:57.3,58.20 2 0
main/src/streams/infrastructure/configuration/dynamodb_stream_local.go:61.2,62.18 2 1
main/src/streams/infrastructure/configuration/dynamodb_stream_local.go:65.107,70.19 2 1
main/src/streams/infrastructure/configuration/dynamodb_stream_local.go:70.19,72.6 1 1
main/src/streams/infrastructure/configuration/dynamodb_stream_local.go:73.5,78.15 3 1
main/src/users/infrastructure/configuration/dynamodb_user_local.go:15.36,17.21 2 1
main/src/users/infrastructure/configuration/dynamodb_user_local.go:17.21,20.3 2 1
main/src/users/infrastructure/configuration/dynamodb_user_local.go:21.2,22.18 2 1
main/src/users/infrastructure/configuration/dynamodb_user_local.go:25.105,44.2 3 1
main/src/users/infrastructure/configuration/dynamodb_user_local.go:46.102,51.16 2 1
main/src/users/infrastructure/configuration/dynamodb_user_local.go:51.16,53.35 2 0
main/src/users/infrastructure/configuration/dynamodb_user_local.go:53.35,56.4 2 0
main/src/users/infrastructure/configuration/dynamodb_user_local.go:57.3,58.20 2 0
main/src/users/infrastructure/configuration/dynamodb_user_local.go:61.2,62.18 2 1
main/src/users/infrastructure/configuration/dynamodb_user_local.go:65.105,70.19 2 1
main/src/users/infrastructure/configuration/dynamodb_user_local.go:70.19,72.6 1 1
main/src/users/infrastructure/configuration/dynamodb_user_local.go:73.5,78.15 3 1
main/src/streams/infrastructure/adapter/stream_dynamodb.go:23.122,29.2 1 1
main/src/streams/infrastructure/adapter/stream_dynamodb.go:31.129,38.16 3 1
main/src/streams/infrastructure/adapter/stream_dynamodb.go:38.16,41.3 2 0
main/src/streams/infrastructure/adapter/stream_dynamodb.go:43.2,55.16 3 1
main/src/streams/infrastructure/adapter/stream_dynamodb.go:55.16,58.3 2 0
main/src/streams/infrastructure/adapter/stream_dynamodb.go:59.2,60.87 2 1
main/src/streams/infrastructure/adapter/stream_dynamodb.go:60.87,63.3 2 0
main/src/streams/infrastructure/adapter/stream_dynamodb.go:64.2,65.28 2 1
main/src/streams/infrastructure/adapter/stream_dynamodb.go:68.104,76.19 3 1
main/src/streams/infrastructure/adapter/stream_dynamodb.go:76.19,79.6 2 0
main/src/streams/infrastructure/adapter/stream_dynamodb.go:80.2,80.24 1 1
main/src/streams/infrastructure/adapter/stream_dynamodb.go:80.24,83.3 2 0
main/src/streams/infrastructure/adapter/stream_dynamodb.go:84.2,85.74 2 1
main/src/streams/infrastructure/adapter/stream_dynamodb.go:85.74,88.3 2 0
main/src/streams/infrastructure/adapter/stream_dynamodb.go:89.2,90.21 2 1
main/src/streams/infrastructure/adapter/stream_dynamodb.go:93.88,99.16 4 1
main/src/streams/infrastructure/adapter/stream_dynamodb.go:99.16,102.6 2 0
main/src/streams/infrastructure/adapter/stream_dynamodb.go:103.2,103.36 1 1
main/src/streams/infrastructure/adapter/stream_dynamodb.go:103.36,106.17 3 1
main/src/streams/infrastructure/adapter/stream_dynamodb.go:106.17,109.4 2 0
main/src/streams/infrastructure/adapter/stream_dynamodb.go:110.3,110.38 1 1
main/src/streams/infrastructure/adapter/stream_dynamodb.go:112.2,113.22 2 1
main/src/streams/infrastructure/adapter/stream_dynamodb.go:116.107,118.16 2 1
main/src/streams/infrastructure/adapter/stream_dynamodb.go:118.16,121.3 2 0
main/src/streams/infrastructure/adapter/stream_dynamodb.go:122.5,127.16 3 1
main/src/streams/infrastructure/adapter/stream_dynamodb.go:127.16,130.3 2 0
main/src/streams/infrastructure/adapter/stream_dynamodb.go:131.2,132.20 2 1
main/src/streams/infrastructure/adapter/stream_dynamodb.go:135.88,144.16 3 1
main/src/streams/infrastructure/adapter/stream_dynamodb.go:144.16,147.6 2 0
main/src/streams/infrastructure/adapter/stream_dynamodb.go:148.2,149.12 2 1
main/src/users/infrastructure/adapter/user_dynamodb.go:23.118,29.2 1 1
main/src/users/infrastructure/adapter/user_dynamodb.go:31.116,37.16 3 1
main/src/users/infrastructure/adapter/user_dynamodb.go:37.16,40.3 2 0
main/src/users/infrastructure/adapter/user_dynamodb.go:42.2,54.16 3 1
main/src/users/infrastructure/adapter/user_dynamodb.go:54.16,57.3 2 0
main/src/users/infrastructure/adapter/user_dynamodb.go:58.2,59.85 2 1
main/src/users/infrastructure/adapter/user_dynamodb.go:59.85,62.3 2 0
main/src/users/infrastructure/adapter/user_dynamodb.go:63.2,64.26 2 1
main/src/users/infrastructure/adapter/user_dynamodb.go:67.95,75.16 3 1
main/src/users/infrastructure/adapter/user_dynamodb.go:75.16,78.3 2 0
main/src/users/infrastructure/adapter/user_dynamodb.go:79.2,79.24 1 1
main/src/users/infrastructure/adapter/user_dynamodb.go:79.24,81.3 1 0
main/src/users/infrastructure/adapter/user_dynamodb.go:82.2,84.16 3 1
main/src/users/infrastructure/adapter/user_dynamodb.go:84.16,87.3 2 0
main/src/users/infrastructure/adapter/user_dynamodb.go:88.2,89.18 2 1
main/src/users/infrastructure/adapter/user_dynamodb.go:92.82,97.16 3 1
main/src/users/infrastructure/adapter/user_dynamodb.go:97.16,100.3 2 0
main/src/users/infrastructure/adapter/user_dynamodb.go:101.2,102.36 2 1
main/src/users/infrastructure/adapter/user_dynamodb.go:102.36,105.17 3 1
main/src/users/infrastructure/adapter/user_dynamodb.go:105.17,107.12 2 0
main/src/users/infrastructure/adapter/user_dynamodb.go:109.3,109.30 1 1
main/src/users/infrastructure/adapter/user_dynamodb.go:111.2,112.19 2 1
main/src/users/infrastructure/adapter/user_dynamodb.go:115.97,117.16 2 1
main/src/users/infrastructure/adapter/user_dynamodb.go:117.16,120.3 2 0
main/src/users/infrastructure/adapter/user_dynamodb.go:121.2,126.16 3 1
main/src/users/infrastructure/adapter/user_dynamodb.go:126.16,129.3 2 0
main/src/users/infrastructure/adapter/user_dynamodb.go:130.2,131.18 2 1
main/src/users/infrastructure/adapter/user_dynamodb.go:134.79,142.16 3 1
main/src/users/infrastructure/adapter/user_dynamodb.go:142.16,145.3 2 0
main/src/users/infrastructure/adapter/user_dynamodb.go:146.2,147.12 2 1
